<?xml version="1.0" encoding="UTF-8"?>
<!-- Generated by org.testng.reporters.JUnitReportReporter -->
<testsuite hostname="BOBBY-PC" failures="0" tests="2" name="testNG.TestBrowser" time="27.399" errors="0" timestamp="2023-07-13T17:04:17 IST" skipped="0">
  <testcase classname="testNG.TestBrowser" name="launchBrowser" time="23.039"/>
  <testcase classname="testNG.TestBrowser" name="launchBrowser2" time="4.360"/>
</testsuite> <!-- testNG.TestBrowser -->
