<?xml version="1.0" encoding="UTF-8"?>
<!-- Generated by org.testng.reporters.JUnitReportReporter -->
<testsuite hostname="BOBBY-PC" failures="0" tests="2" name="testNG.TestBrowser" time="10.046" errors="0" timestamp="2023-07-13T18:34:30 IST" skipped="0">
  <testcase classname="testNG.TestBrowser" name="launchBrowser2" time="1.197"/>
  <testcase classname="testNG.TestBrowser" name="launchBrowser" time="8.849"/>
</testsuite> <!-- testNG.TestBrowser -->
